00:00:00.191773 VirtualBox GUI VM Selector Window 7.1.6 r167084 linux.amd64 (Jan 27 2025 07:52:25) release log
00:00:00.191774 Log opened 2025-01-28T15:25:31.778655000Z
00:00:00.191774 Build Type: release
00:00:00.191775 OS Product: Linux
00:00:00.191775 OS Release: 6.12.10-arch1-1
00:00:00.191776 OS Version: #1 SMP PREEMPT_DYNAMIC Sat, 18 Jan 2025 02:26:57 +0000
00:00:00.191792 DMI Product Name: Victus by HP Gaming Laptop 15-fa1xxx
00:00:00.191796 DMI Product Version: 
00:00:00.191799 Firmware type: UEFI
00:00:00.191992 Secure Boot: Disabled
00:00:00.192034 Host RAM: 15626MB (15.2GB) total, 8584MB (8.3GB) available
00:00:00.192035 Executable: /usr/lib/virtualbox/VirtualBox
00:00:00.192035 Process ID: 115433
00:00:00.192035 Package type: LINUX_64BITS_GENERIC (OSE)
00:00:00.192052 Qt version: 6.8.1
00:00:00.192388 GUI: UIMediumEnumerator: Initial medium-enumeration finished!
00:00:00.195803 GUI: UIMediumEnumerator: Medium-enumeration started...
00:00:00.529907 GUI: UIMediumEnumerator: Medium-enumeration finished!
00:00:00.557376 GUI: UIDesktopWidgetWatchdog::sltHandleHostScreenAvailableGeometryCalculated: Screen 0 work area is actually resized to: 560x144 x 800x800
00:00:05.245687 GUI: UIMediumEnumerator: Medium-enumeration finished!
00:00:05.800485 GUI: UICommon: Handling aboutToQuit request..
00:00:06.769173 GUI: UICommon: aboutToQuit request handled!
